<?xml version="1.0" encoding="UTF-8"?>
<!-- Generated by org.testng.reporters.JUnitXMLReporter -->
<testsuite ignored="4" hostname="Ranjeet-MacBook-Pro.local" failures="1" tests="1" name="Test" time="14.365" errors="0" timestamp="2025-01-24T19:03:19 IST">
  <testcase classname="testCases.TC01_AccountRegistrationTest" name="Verifry_Account_Registration" time="0.119">
    <failure type="java.lang.AssertionError">
      <![CDATA[java.lang.AssertionError: 
at testCases.TC01_AccountRegistrationTest.Verifry_Account_Registration(TC01_AccountRegistrationTest.java:55)
at java.base/java.util.ArrayList.forEach(ArrayList.java:1511)
... Removed 27 stack frames]]>
    </failure>
  </testcase> <!-- Verifry_Account_Registration -->
  <testcase classname="testCases.TC04_LoginDDT" name="Verify_LoginSST" time="0.0">
    <ignored/>
  </testcase> <!-- Verify_LoginSST -->
  <testcase classname="testCases.TC05_BrokenLink" name="validateBrokenLinks" time="0.0">
    <ignored/>
  </testcase> <!-- validateBrokenLinks -->
  <testcase classname="testCases.TC03_SearchTest" name="testSearchFunctionality" time="0.0">
    <ignored/>
  </testcase> <!-- testSearchFunctionality -->
  <testcase classname="testCases.TC02_LoginTest" name="vrify_Login" time="0.0">
    <ignored/>
  </testcase> <!-- vrify_Login -->
</testsuite> <!-- Test -->
