<?xml version="1.0" encoding="UTF-8"?>
<!-- Generated by org.testng.reporters.JUnitXMLReporter -->
<testsuite ignored="0" hostname="MSI" failures="1" tests="17" name="Test" time="355.283" errors="0" timestamp="2025-02-06T15:29:08 IST">
  <testcase classname="testCases.TC08_HomePageLogo" name="Methofname" time="0.012"/>
  <testcase classname="testCases.TC07_AddToCartTest" name="testCartItemDetails" time="7.125">
    <skipped/>
  </testcase> <!-- testCartItemDetails -->
  <testcase classname="testCases.TC07_AddToCartTest" name="testCartItemDetails" time="16.049">
    <skipped/>
  </testcase> <!-- testCartItemDetails -->
  <testcase classname="testCases.TC07_AddToCartTest" name="testCartItemDetails" time="16.423">
    <skipped/>
  </testcase> <!-- testCartItemDetails -->
  <testcase classname="testCases.TC07_AddToCartTest" name="testCartItemDetails" time="16.749">
    <failure type="org.openqa.selenium.NoSuchElementException" message="no such element: Unable to locate element: {&amp;quot;method&amp;quot;:&amp;quot;xpath&amp;quot;,&amp;quot;selector&amp;quot;:&amp;quot;//span[contains(text(),&amp;apos;Add to Cart&amp;apos;)]&amp;quot;}
  (Session info: chrome=131.0.6778.265)
For documentation on this error, please visit: https://www.selenium.dev/documentation/webdriver/troubleshooting/errors#no-such-element-exception
Build info: version: &amp;apos;4.25.0&amp;apos;, revision: &amp;apos;8a8aea2337&amp;apos;
System info: os.name: &amp;apos;Windows 11&amp;apos;, os.arch: &amp;apos;amd64&amp;apos;, os.version: &amp;apos;10.0&amp;apos;, java.version: &amp;apos;22.0.2&amp;apos;
Driver info: org.openqa.selenium.chrome.ChromeDriver
Command: [6c48cd28b26b78ff4269a96e50d54c02, findElement {using=xpath, value=//span[contains(text(),&amp;apos;Add to Cart&amp;apos;)]}]
Capabilities {acceptInsecureCerts: false, browserName: chrome, browserVersion: 131.0.6778.265, chrome: {chromedriverVersion: 131.0.6778.264 (2d05e315153..., userDataDir: C:\Users\Viraj\AppData\Loca...}, fedcm:accounts: true, goog:chromeOptions: {debuggerAddress: localhost:60017}, networkConnectionEnabled: false, pageLoadStrategy: normal, platformName: windows, proxy: Proxy(), se:cdp: ws://localhost:60017/devtoo..., se:cdpVersion: 131.0.6778.265, setWindowRect: true, strictFileInteractability: false, timeouts: {implicit: 0, pageLoad: 300000, script: 30000}, unhandledPromptBehavior: dismiss and notify, webauthn:extension:credBlob: true, webauthn:extension:largeBlob: true, webauthn:extension:minPinLength: true, webauthn:extension:prf: true, webauthn:virtualAuthenticators: true}
Session ID: 6c48cd28b26b78ff4269a96e50d54c02">
      <![CDATA[org.openqa.selenium.NoSuchElementException: no such element: Unable to locate element: {"method":"xpath","selector":"//span[contains(text(),'Add to Cart')]"}
  (Session info: chrome=131.0.6778.265)
For documentation on this error, please visit: https://www.selenium.dev/documentation/webdriver/troubleshooting/errors#no-such-element-exception
Build info: version: '4.25.0', revision: '8a8aea2337'
System info: os.name: 'Windows 11', os.arch: 'amd64', os.version: '10.0', java.version: '22.0.2'
Driver info: org.openqa.selenium.chrome.ChromeDriver
Command: [6c48cd28b26b78ff4269a96e50d54c02, findElement {using=xpath, value=//span[contains(text(),'Add to Cart')]}]
Capabilities {acceptInsecureCerts: false, browserName: chrome, browserVersion: 131.0.6778.265, chrome: {chromedriverVersion: 131.0.6778.264 (2d05e315153..., userDataDir: C:\Users\Viraj\AppData\Loca...}, fedcm:accounts: true, goog:chromeOptions: {debuggerAddress: localhost:60017}, networkConnectionEnabled: false, pageLoadStrategy: normal, platformName: windows, proxy: Proxy(), se:cdp: ws://localhost:60017/devtoo..., se:cdpVersion: 131.0.6778.265, setWindowRect: true, strictFileInteractability: false, timeouts: {implicit: 0, pageLoad: 300000, script: 30000}, unhandledPromptBehavior: dismiss and notify, webauthn:extension:credBlob: true, webauthn:extension:largeBlob: true, webauthn:extension:minPinLength: true, webauthn:extension:prf: true, webauthn:virtualAuthenticators: true}
Session ID: 6c48cd28b26b78ff4269a96e50d54c02
at org.openqa.selenium.remote.ErrorCodec.decode(ErrorCodec.java:167)
at org.openqa.selenium.remote.codec.w3c.W3CHttpResponseCodec.decode(W3CHttpResponseCodec.java:138)
at org.openqa.selenium.remote.codec.w3c.W3CHttpResponseCodec.decode(W3CHttpResponseCodec.java:50)
at org.openqa.selenium.remote.HttpCommandExecutor.execute(HttpCommandExecutor.java:190)
at org.openqa.selenium.remote.service.DriverCommandExecutor.invokeExecute(DriverCommandExecutor.java:216)
at org.openqa.selenium.remote.service.DriverCommandExecutor.execute(DriverCommandExecutor.java:174)
at org.openqa.selenium.remote.RemoteWebDriver.execute(RemoteWebDriver.java:545)
at org.openqa.selenium.remote.ElementLocation$ElementFinder$2.findElement(ElementLocation.java:165)
at org.openqa.selenium.remote.ElementLocation.findElement(ElementLocation.java:59)
at org.openqa.selenium.remote.RemoteWebDriver.findElement(RemoteWebDriver.java:368)
at org.openqa.selenium.remote.RemoteWebDriver.findElement(RemoteWebDriver.java:362)
at org.openqa.selenium.support.pagefactory.DefaultElementLocator.findElement(DefaultElementLocator.java:68)
at org.openqa.selenium.support.pagefactory.internal.LocatingElementHandler.invoke(LocatingElementHandler.java:38)
at jdk.proxy2/jdk.proxy2.$Proxy16.click(Unknown Source)
at PageObjects.ProductPage.clickAddToCart(ProductPage.java:24)
at testCases.TC07_AddToCartTest.testCartItemDetails(TC07_AddToCartTest.java:27)
at java.base/java.util.ArrayList.forEach(ArrayList.java:1597)
... Removed 28 stack frames]]>
    </failure>
  </testcase> <!-- testCartItemDetails -->
  <testcase classname="testCases.TC06_TestHoverAndClickAction" name="testHoverAndClick" time="2.519"/>
  <testcase classname="testCases.TC05_BrokenLink" name="validateBrokenLinks" time="156.221"/>
  <testcase classname="testCases.TC04_LoginDDT" name="Verify_LoginSST" time="4.905"/>
  <testcase classname="testCases.TC04_LoginDDT" name="Verify_LoginSST" time="16.817"/>
  <testcase classname="testCases.TC04_LoginDDT" name="Verify_LoginSST" time="17.162"/>
  <testcase classname="testCases.TC04_LoginDDT" name="Verify_LoginSST" time="17.949"/>
  <testcase classname="testCases.TC04_LoginDDT" name="Verify_LoginSST" time="5.396"/>
  <testcase classname="testCases.TC03_SearchTest" name="testSearchFunctionality" time="1.924"/>
  <testcase classname="testCases.TC03_SearchTest" name="testSearchFunctionality" time="1.623"/>
  <testcase classname="testCases.TC03_SearchTest" name="testSearchFunctionality" time="1.799"/>
  <testcase classname="testCases.TC02_LoginTest" name="verify_Login" time="4.041"/>
  <testcase classname="testCases.TC01_AccountRegistrationTest" name="Verifry_Account_Registration" time="5.212"/>
</testsuite> <!-- Test -->
